[2018-12-11 15:49:56,485] {cli.py:374} INFO - Running on host Xuans-MacBook-Pro.local
[2018-12-11 15:49:56,500] {models.py:1197} INFO - Dependencies all met for <TaskInstance: tutorial.templated 2018-12-09 00:00:00 [queued]>
[2018-12-11 15:49:56,504] {models.py:1197} INFO - Dependencies all met for <TaskInstance: tutorial.templated 2018-12-09 00:00:00 [queued]>
[2018-12-11 15:49:56,504] {models.py:1407} INFO - 
--------------------------------------------------------------------------------
Starting attempt 1 of 2
--------------------------------------------------------------------------------

[2018-12-11 15:49:56,508] {models.py:1428} INFO - Executing <Task(BashOperator): templated> on 2018-12-09 00:00:00
[2018-12-11 15:49:56,509] {base_task_runner.py:115} INFO - Running: ['bash', '-c', 'airflow run tutorial templated 2018-12-09T00:00:00 --job_id 11 --raw -sd DAGS_FOLDER/example_dags/tutorial.py']
[2018-12-11 15:49:57,017] {base_task_runner.py:98} INFO - Subtask: [2018-12-11 15:49:57,016] {__init__.py:45} INFO - Using executor SequentialExecutor
[2018-12-11 15:49:57,049] {base_task_runner.py:98} INFO - Subtask: [2018-12-11 15:49:57,049] {models.py:189} INFO - Filling up the DagBag from /Users/xuanzhang/Documents/repos/airflow-test/airflow_home/dags/example_dags/tutorial.py
[2018-12-11 15:49:57,108] {cli.py:374} INFO - Running on host Xuans-MacBook-Pro.local
[2018-12-11 15:49:57,122] {base_task_runner.py:98} INFO - Subtask: [2018-12-11 15:49:57,122] {bash_operator.py:70} INFO - Tmp dir root location: 
[2018-12-11 15:49:57,122] {base_task_runner.py:98} INFO - Subtask:  /var/folders/yr/9vq38bcj48q2zjq90ncj3p7r0000gn/T
[2018-12-11 15:49:57,123] {base_task_runner.py:98} INFO - Subtask: [2018-12-11 15:49:57,123] {bash_operator.py:80} INFO - Temporary script location: /var/folders/yr/9vq38bcj48q2zjq90ncj3p7r0000gn/T/airflowtmpekmq0x25//var/folders/yr/9vq38bcj48q2zjq90ncj3p7r0000gn/T/airflowtmpekmq0x25/templatedhs75v9su
[2018-12-11 15:49:57,123] {base_task_runner.py:98} INFO - Subtask: [2018-12-11 15:49:57,123] {bash_operator.py:88} INFO - Running command: 
[2018-12-11 15:49:57,123] {base_task_runner.py:98} INFO - Subtask: 
[2018-12-11 15:49:57,123] {base_task_runner.py:98} INFO - Subtask:     echo "2018-12-09"
[2018-12-11 15:49:57,124] {base_task_runner.py:98} INFO - Subtask:     echo "2018-12-16"
[2018-12-11 15:49:57,124] {base_task_runner.py:98} INFO - Subtask:     echo "Parameter I passed in"
[2018-12-11 15:49:57,124] {base_task_runner.py:98} INFO - Subtask: 
[2018-12-11 15:49:57,124] {base_task_runner.py:98} INFO - Subtask:     echo "2018-12-09"
[2018-12-11 15:49:57,124] {base_task_runner.py:98} INFO - Subtask:     echo "2018-12-16"
[2018-12-11 15:49:57,124] {base_task_runner.py:98} INFO - Subtask:     echo "Parameter I passed in"
[2018-12-11 15:49:57,124] {base_task_runner.py:98} INFO - Subtask: 
[2018-12-11 15:49:57,124] {base_task_runner.py:98} INFO - Subtask:     echo "2018-12-09"
[2018-12-11 15:49:57,124] {base_task_runner.py:98} INFO - Subtask:     echo "2018-12-16"
[2018-12-11 15:49:57,124] {base_task_runner.py:98} INFO - Subtask:     echo "Parameter I passed in"
[2018-12-11 15:49:57,124] {base_task_runner.py:98} INFO - Subtask: 
[2018-12-11 15:49:57,125] {base_task_runner.py:98} INFO - Subtask:     echo "2018-12-09"
[2018-12-11 15:49:57,125] {base_task_runner.py:98} INFO - Subtask:     echo "2018-12-16"
[2018-12-11 15:49:57,125] {base_task_runner.py:98} INFO - Subtask:     echo "Parameter I passed in"
[2018-12-11 15:49:57,125] {base_task_runner.py:98} INFO - Subtask: 
[2018-12-11 15:49:57,125] {base_task_runner.py:98} INFO - Subtask:     echo "2018-12-09"
[2018-12-11 15:49:57,125] {base_task_runner.py:98} INFO - Subtask:     echo "2018-12-16"
[2018-12-11 15:49:57,125] {base_task_runner.py:98} INFO - Subtask:     echo "Parameter I passed in"
[2018-12-11 15:49:57,125] {base_task_runner.py:98} INFO - Subtask: 
[2018-12-11 15:49:57,129] {base_task_runner.py:98} INFO - Subtask: [2018-12-11 15:49:57,128] {bash_operator.py:97} INFO - Output:
[2018-12-11 15:49:57,131] {base_task_runner.py:98} INFO - Subtask: [2018-12-11 15:49:57,130] {bash_operator.py:101} INFO - 2018-12-09
[2018-12-11 15:49:57,131] {base_task_runner.py:98} INFO - Subtask: [2018-12-11 15:49:57,131] {bash_operator.py:101} INFO - 2018-12-16
[2018-12-11 15:49:57,131] {base_task_runner.py:98} INFO - Subtask: [2018-12-11 15:49:57,131] {bash_operator.py:101} INFO - Parameter I passed in
[2018-12-11 15:49:57,131] {base_task_runner.py:98} INFO - Subtask: [2018-12-11 15:49:57,131] {bash_operator.py:101} INFO - 2018-12-09
[2018-12-11 15:49:57,131] {base_task_runner.py:98} INFO - Subtask: [2018-12-11 15:49:57,131] {bash_operator.py:101} INFO - 2018-12-16
[2018-12-11 15:49:57,131] {base_task_runner.py:98} INFO - Subtask: [2018-12-11 15:49:57,131] {bash_operator.py:101} INFO - Parameter I passed in
[2018-12-11 15:49:57,131] {base_task_runner.py:98} INFO - Subtask: [2018-12-11 15:49:57,131] {bash_operator.py:101} INFO - 2018-12-09
[2018-12-11 15:49:57,132] {base_task_runner.py:98} INFO - Subtask: [2018-12-11 15:49:57,131] {bash_operator.py:101} INFO - 2018-12-16
[2018-12-11 15:49:57,132] {base_task_runner.py:98} INFO - Subtask: [2018-12-11 15:49:57,131] {bash_operator.py:101} INFO - Parameter I passed in
[2018-12-11 15:49:57,132] {base_task_runner.py:98} INFO - Subtask: [2018-12-11 15:49:57,131] {bash_operator.py:101} INFO - 2018-12-09
[2018-12-11 15:49:57,132] {base_task_runner.py:98} INFO - Subtask: [2018-12-11 15:49:57,131] {bash_operator.py:101} INFO - 2018-12-16
[2018-12-11 15:49:57,132] {base_task_runner.py:98} INFO - Subtask: [2018-12-11 15:49:57,131] {bash_operator.py:101} INFO - Parameter I passed in
[2018-12-11 15:49:57,132] {base_task_runner.py:98} INFO - Subtask: [2018-12-11 15:49:57,131] {bash_operator.py:101} INFO - 2018-12-09
[2018-12-11 15:49:57,132] {base_task_runner.py:98} INFO - Subtask: [2018-12-11 15:49:57,131] {bash_operator.py:101} INFO - 2018-12-16
[2018-12-11 15:49:57,132] {base_task_runner.py:98} INFO - Subtask: [2018-12-11 15:49:57,131] {bash_operator.py:101} INFO - Parameter I passed in
[2018-12-11 15:49:57,132] {base_task_runner.py:98} INFO - Subtask: [2018-12-11 15:49:57,131] {bash_operator.py:105} INFO - Command exited with return code 0
